archdep_register_cbmfont(): Registering CBM fonts using Pango 1.54.0
succesfully registered 1 font(s) from C:\C64\GTKVICE\bin\..\common\C64_Pro_Mono-STYLE.ttf.
succesfully registered 1 font(s) from C:\C64\GTKVICE\bin\..\common\PetMe1282Y.ttf.
succesfully registered 1 font(s) from C:\C64\GTKVICE\bin\..\common\PetMe128.ttf.
succesfully registered 1 font(s) from C:\C64\GTKVICE\bin\..\common\PetMe2X.ttf.
succesfully registered 1 font(s) from C:\C64\GTKVICE\bin\..\common\PetMe2Y.ttf.
succesfully registered 1 font(s) from C:\C64\GTKVICE\bin\..\common\PetMe642Y.ttf.
succesfully registered 1 font(s) from C:\C64\GTKVICE\bin\..\common\PetMe64.ttf.
succesfully registered 1 font(s) from C:\C64\GTKVICE\bin\..\common\PetMe.ttf.
registered 8 font(s) total.
 
*** VICE Version 3.9 ***
 
Welcome to x64sc, the free portable C64 Emulator.
 
Current VICE team members:
Pottendo, Marco van den Heuvel, Fabrizio Gennari, Groepaz, Errol Smith, 
Ingo Korb, Olaf Seibert, Marcus Sutton, Kajtar Zsolt, AreaScout, Bas Wassink, 
Michael C. Martin, Christopher Phillips, David Hogan, Empathic Qubit, 
Roberto Muscedere, June Tate-Gans, Pablo Roldan.
 
This is free software with ABSOLUTELY NO WARRANTY.
See the "About VICE" command for more info.
 
Main: random seed was: 0x679e758e
Main: command line was: C:\C64\GTKVICE\bin\x64sc.exe C:\C64\KickAssembler\Examples\08.Namespace and libraries\SimpleSplits.prg
Main: VICE system file directory: 'C:\C64\GTKVICE\bin\..'.
Main: VICE system file search path: 'C:\C64\GTKVICE\bin;C:\C64\GTKVICE\bin\..'.
Loading system file `C:\C64\GTKVICE\bin\..\C64\kernal-901227-03.bin'.
C64MEM: Kernal rev #3 ($03) Sum: 50954 ($C70A) SHA1: 1d503e56df85a62fee696e7618dc5b4e781df1bb.
Loading system file `C:\C64\GTKVICE\bin\..\C64\basic-901226-01.bin'.
Loading system file `C:\C64\GTKVICE\bin\..\C64\chargen-901225-01.bin'.
Palette: Loading palette `C:\C64\GTKVICE\bin\..\PRINTER\mps803.vpl'.
Loading system file `C:\C64\GTKVICE\bin\..\PRINTER\nl10.bin'.
Palette: Loading palette `C:\C64\GTKVICE\bin\..\PRINTER\nl10.vpl'.
NL10: Printer driver initialized.
Palette: Loading palette `C:\C64\GTKVICE\bin\..\PRINTER\1520.vpl'.
Loading system file `C:\C64\GTKVICE\bin\..\DRIVES\dos1540-325302+3-01.bin'.
Loading system file `C:\C64\GTKVICE\bin\..\DRIVES\dos1541-325302-01+901229-05.bin'.
Loading system file `C:\C64\GTKVICE\bin\..\DRIVES\dos1541ii-251968-03.bin'.
Loading system file `C:\C64\GTKVICE\bin\..\DRIVES\dos1570-315090-01.bin'.
Loading system file `C:\C64\GTKVICE\bin\..\DRIVES\dos1571-310654-05.bin'.
Loading system file `C:\C64\GTKVICE\bin\..\DRIVES\dos1581-318045-02.bin'.
DriveROM: Error - 2000 ROM image not found. Hardware-level 2000 emulation is not available.
DriveROM: Error - 4000 ROM image not found. Hardware-level 4000 emulation is not available.
DriveROM: Error - CMDHD ROM image not found. Hardware-level CMDHD emulation is not available.
Loading system file `C:\C64\GTKVICE\bin\..\DRIVES\dos2031-901484-03+05.bin'.
Loading system file `C:\C64\GTKVICE\bin\..\DRIVES\dos2040-901468-06+07.bin'.
Loading system file `C:\C64\GTKVICE\bin\..\DRIVES\dos3040-901468-11-13.bin'.
Loading system file `C:\C64\GTKVICE\bin\..\DRIVES\dos4040-901468-14-16.bin'.
Loading system file `C:\C64\GTKVICE\bin\..\DRIVES\dos1001-901887+8-01.bin'.
Loading system file `C:\C64\GTKVICE\bin\..\DRIVES\dos9000-300516+7-revC.bin'.
Drive: Finished loading ROM images.
VIC-II: Initializing chip model "MOS8565" (63 cycles per line, 312 raster lines).
Window: using GTK3 backend: DirectX
Window: chip_name: VICII
Window:  screen_size: 384 x 312
Window:  gfx_size: 320 x 200
Window:  gfx_position: 32 x 51
Window:  first/last displayed line: 16 x 287
Window:  extra offscreen border left/right: 0 x 0
Window:  scalexy: 2 x 2 sizexy: 1 x 1
Window:  rmode: 1
Window:  aspect ratio: 0.936508
Window:  hstretch: 0 vstretch: 0
Window:  initializing with width, height: 704 x 507
Render thread: Created render thread 0
Render thread initialised
Palette: Loading palette `C:\C64\GTKVICE\bin\..\C64\pepto-pal.vpl'.
Palette: Loading palette `C:\C64\GTKVICE\bin\..\C64\pepto-pal.vpl'.
Sound: Available sound devices: dx wmm dummy fs dump wav voc iff aiff mp3 flac ogg soundmovie
MIDIdrv: init driver
MIDIdrv: found 0 sources
MIDIdrv: found 1 destinations
MIDIdrv: destination #0: Microsoft GS Wavetable Synth
Keymap: Loading keymap `C:\C64\GTKVICE\bin\..\C64\gtk3_sym.vkm'.
Hotkeys: Initializing hotkeys.
Hotkeys: parsing default file 'C:\C64\GTKVICE\bin\..\hotkeys\hotkeys.vhk' for machine C64
Hotkeys: OK.
Main CPU: 
Main CPU: starting at ($FFFC).
Main CPU: RESET.
VIC-II: VSP Bug: safe channels are: 67. Emulation of memory corruption is disabled.
AUTOSTART: Autodetecting image type of `C:\C64\KickAssembler\Examples\08.Namespace and libraries\SimpleSplits.prg'.
Filesystem Image Probe: Error - Import GCR: Unknown GCR image version 48.
Filesystem Image: Unknown disk image `C:\C64\KickAssembler\Examples\08.Namespace and libraries\SimpleSplits.prg'.
Tape: Error - Cannot open file `C:\C64\KickAssembler\Examples\08.Namespace and libraries\SimpleSplits.prg'
Error - no CRT header found.
CART: 'C:\C64\KickAssembler\Examples\08.Namespace and libraries\SimpleSplits.prg' is not a valid CRT file.
AUTOSTART: Loading PRG file `C:\C64\KickAssembler\Examples\08.Namespace and libraries\SimpleSplits.prg' with autostart disk image.
AUTOSTART: Resetting drive 8
AUTOSTART: Resetting the machine to autostart 'SIMPLESPLITS'
VIC-II: VSP Bug: safe channels are: 25. Emulation of memory corruption is disabled.
AUTOSTART: Turning Warp mode on.
AUTOSTART: `C:\C64\KickAssembler\Examples\08.Namespace and libraries\SimpleSplits.prg' recognized as program/p00 file.
Main CPU: RESET.
Sound: Opened device `dx', speed 48000Hz, fragment size 2.67ms, buffer size 32.00ms
Sound: reSID: MOS8580, filter on, sampling rate 48000Hz - resampling, pass to 21600Hz
VSync: Sync reset
Unit 8: RESET.
AUTOSTART: Loading program 'SIMPLESPLITS'
AUTOSTART: Entered ROM at $e5d4
AUTOSTART: Searching for ...
AUTOSTART: Loading
AUTOSTART: Entered ROM at $ea21
AUTOSTART: Ready
AUTOSTART: Turning Warp mode off.
AUTOSTART: Starting program.
AUTOSTART: Restoring FileSystemDevice8 to 1.
AUTOSTART: Restoring FSDevice8ConvertP00 to 1.
AUTOSTART: Restoring FSDeviceLongNames to 0.
AUTOSTART: Done.
VSync: Sync reset
Hotkeys: parsing default file 'C:\C64\GTKVICE\bin\..\hotkeys\hotkeys.vhk' for machine C64
Hotkeys: OK.

Setting resources to default...
VIC-II: VSP Bug: safe channels are: 2347. Emulation of memory corruption is disabled.
